<?xml version="1.0" encoding="UTF-8"?>
<!-- Generated by org.testng.reporters.JUnitReportReporter -->
<testsuite skipped="0" hostname="Milenas-MacBook-Pro.local" name="com.class02_.Sasha" tests="3" failures="0" timestamp="03 Jun 2019 21:56:35 GMT" time="40.217" errors="0">
  <testcase name="checkLogo" time="5.396" classname="com.class02_.Sasha"/>
  <testcase name="logo" time="26.506" classname="com.class02_.Sasha"/>
  <testcase name="logIn" time="8.315" classname="com.class02_.Sasha"/>
</testsuite> <!-- com.class02_.Sasha -->
