<?xml version="1.0" encoding="UTF-8"?>
<!-- Generated by org.testng.reporters.JUnitReportReporter -->
<testsuite skipped="0" hostname="Milenas-MacBook-Pro.local" name="com.class01_.MultipleMethods" tests="3" failures="0" timestamp="30 May 2019 21:55:45 GMT" time="0.013" errors="0">
  <testcase name="testOne" time="0.006" classname="com.class01_.MultipleMethods"/>
  <testcase name="testTwo" time="0.003" classname="com.class01_.MultipleMethods"/>
  <testcase name="testThree" time="0.004" classname="com.class01_.MultipleMethods"/>
</testsuite> <!-- com.class01_.MultipleMethods -->
