<?xml version="1.0" encoding="UTF-8"?>
<!-- Generated by org.testng.reporters.JUnitReportReporter -->
<testsuite skipped="0" hostname="Milenas-MacBook-Pro.local" name="com.udemy.TestNgDemo" tests="2" failures="0" timestamp="12 Jun 2019 16:39:33 GMT" time="0.012" errors="0">
  <testcase name="SecondTest" time="0.002" classname="com.udemy.TestNgDemo"/>
  <testcase name="Demo" time="0.010" classname="com.udemy.TestNgDemo"/>
</testsuite> <!-- com.udemy.TestNgDemo -->
