<?xml version="1.0" encoding="UTF-8"?>
<!-- Generated by org.testng.reporters.JUnitReportReporter -->
<testsuite skipped="0" hostname="Milenas-MacBook-Pro.local" name="com.class05.HomeworkIsmet" tests="2" failures="0" timestamp="11 Jun 2019 19:33:58 GMT" time="2.259" errors="0">
  <testcase name="creatingUser" time="2.229" classname="com.class05.HomeworkIsmet"/>
  <testcase name="verifyingUser" time="0.030" classname="com.class05.HomeworkIsmet"/>
</testsuite> <!-- com.class05.HomeworkIsmet -->
