<?xml version="1.0" encoding="UTF-8"?>
<!-- Generated by org.testng.reporters.JUnitReportReporter -->
<testsuite skipped="0" hostname="Milenas-MacBook-Pro.local" name="com.class04.Task1" tests="2" failures="0" timestamp="07 Jun 2019 05:11:11 GMT" time="8.336" errors="0">
  <testcase name="userTwo" time="3.604" classname="com.class04.Task1"/>
  <testcase name="userOne" time="4.732" classname="com.class04.Task1"/>
</testsuite> <!-- com.class04.Task1 -->
