<?xml version="1.0" encoding="UTF-8"?>
<!-- Generated by org.testng.reporters.JUnitReportReporter -->
<testsuite skipped="1" hostname="Milenas-MacBook-Pro.local" name="com.udemy.Day3" tests="5" failures="0" timestamp="12 Jun 2019 19:58:15 GMT" time="0.013" errors="0">
  <testcase name="mobileSignOutCarLoan" time="0.004" classname="com.udemy.Day3"/>
  <testcase name="webLoginCarLoan" time="0.002" classname="com.udemy.Day3"/>
  <testcase name="mobileSignOutCarLoan" time="0.001" classname="com.udemy.Day3"/>
  <testcase name="mobileSignOutCarLoan" time="0.006" classname="com.udemy.Day3"/>
  <testcase name="mobileSignInCarLoan" classname="com.udemy.Day3">
    <skipped/>
  </testcase> <!-- mobileSignInCarLoan -->
</testsuite> <!-- com.udemy.Day3 -->
