<?xml version="1.0" encoding="UTF-8"?>
<!-- Generated by org.testng.reporters.JUnitReportReporter -->
<testsuite skipped="0" hostname="Milenas-MacBook-Pro.local" name="com.class02.PriorityExample2" tests="2" failures="0" timestamp="30 May 2019 23:36:07 GMT" time="1.934" errors="0">
  <testcase name="login" time="1.871" classname="com.class02.PriorityExample2"/>
  <testcase name="mainPage" time="0.063" classname="com.class02.PriorityExample2"/>
</testsuite> <!-- com.class02.PriorityExample2 -->
