<?xml version="1.0" encoding="UTF-8"?>
<!-- Generated by org.testng.reporters.JUnitReportReporter -->
<testsuite skipped="0" hostname="Milenas-MacBook-Pro.local" name="com.class02.AnnatationOrder" tests="1" failures="0" timestamp="03 Jun 2019 17:41:34 GMT" time="0.007" errors="0">
  <testcase name="test" time="0.007" classname="com.class02.AnnatationOrder"/>
</testsuite> <!-- com.class02.AnnatationOrder -->
