<?xml version="1.0" encoding="UTF-8"?>
<!-- Generated by org.testng.reporters.JUnitReportReporter -->
<testsuite skipped="0" hostname="Milenas-MacBook-Pro.local" name="com.class05.Task1" tests="2" failures="0" timestamp="12 Jun 2019 22:16:11 GMT" time="4.225" errors="0">
  <testcase name="getData" time="1.841" classname="com.class05.Task1"/>
  <testcase name="getData" time="2.384" classname="com.class05.Task1"/>
</testsuite> <!-- com.class05.Task1 -->
