<?xml version="1.0" encoding="UTF-8"?>
<!-- Generated by org.testng.reporters.JUnitReportReporter -->
<testsuite skipped="0" hostname="Milenas-MacBook-Pro.local" name="com.class03.NewToursExample" tests="3" failures="0" timestamp="07 Jun 2019 03:29:47 GMT" time="3.177" errors="0">
  <testcase name="contactInfo" time="0.667" classname="com.class03.NewToursExample"/>
  <testcase name="userInformation" time="1.972" classname="com.class03.NewToursExample"/>
  <testcase name="mailingInfo" time="0.538" classname="com.class03.NewToursExample"/>
</testsuite> <!-- com.class03.NewToursExample -->
