<?xml version="1.0" encoding="UTF-8"?>
<!-- Generated by org.testng.reporters.JUnitReportReporter -->
<testsuite skipped="1" hostname="Milenas-MacBook-Pro.local" name="com.class02_.SoftHardAssertExample" tests="3" failures="0" timestamp="03 Jun 2019 20:08:41 GMT" time="0.089" errors="0">
  <testcase name="orangeLoginScreen" time="0.029" classname="com.class02_.SoftHardAssertExample"/>
  <testcase name="logo" time="0.060" classname="com.class02_.SoftHardAssertExample"/>
  <testcase name="soft" classname="com.class02_.SoftHardAssertExample">
    <skipped/>
  </testcase> <!-- soft -->
</testsuite> <!-- com.class02_.SoftHardAssertExample -->
