<?xml version="1.0" encoding="UTF-8"?>
<!-- Generated by org.testng.reporters.JUnitReportReporter -->
<testsuite skipped="0" hostname="Milenas-MacBook-Pro.local" name="com.class04_.Task1Again" tests="1" failures="0" timestamp="07 Jun 2019 19:29:42 GMT" time="4.423" errors="0">
  <testcase name="userTwo" time="4.423" classname="com.class04_.Task1Again"/>
</testsuite> <!-- com.class04_.Task1Again -->
