<?xml version="1.0" encoding="UTF-8"?>
<!-- Generated by org.testng.reporters.JUnitReportReporter -->
<testsuite skipped="0" hostname="Milenas-MacBook-Pro.local" name="com.class05_.DemoTest" tests="2" failures="0" timestamp="13 Jun 2019 00:40:07 GMT" time="12.669" errors="0">
  <testcase name="testCrossBrowser" time="4.780" classname="com.class05_.DemoTest"/>
  <testcase name="testCrossBrowser" time="7.889" classname="com.class05_.DemoTest"/>
</testsuite> <!-- com.class05_.DemoTest -->
