<?xml version="1.0" encoding="UTF-8"?>
<!-- Generated by org.testng.reporters.JUnitReportReporter -->
<testsuite skipped="0" hostname="Milenas-MacBook-Pro.local" name="com.class02_.Task1" tests="3" failures="0" timestamp="01 Jun 2019 04:28:47 GMT" time="1.046" errors="0">
  <testcase name="getTitle" time="0.024" classname="com.class02_.Task1"/>
  <testcase name="login" time="0.975" classname="com.class02_.Task1"/>
  <testcase name="verifyLogin" time="0.047" classname="com.class02_.Task1"/>
</testsuite> <!-- com.class02_.Task1 -->
