<?xml version="1.0" encoding="UTF-8"?>
<!-- Generated by org.testng.reporters.JUnitReportReporter -->
<testsuite skipped="0" hostname="Milenas-MacBook-Pro.local" name="com.class04_.Task1" tests="1" failures="0" timestamp="07 Jun 2019 05:13:25 GMT" time="3.611" errors="0">
  <testcase name="userTwo" time="3.611" classname="com.class04_.Task1"/>
</testsuite> <!-- com.class04_.Task1 -->
