<?xml version="1.0" encoding="UTF-8"?>
<!-- Generated by org.testng.reporters.JUnitReportReporter -->
<testsuite skipped="0" hostname="Milenas-MacBook-Pro.local" name="com.class04.Task2" tests="2" failures="0" timestamp="07 Jun 2019 01:32:44 GMT" time="12.524" errors="0">
  <testcase name="UserTwo" time="3.882" classname="com.class04.Task2"/>
  <testcase name="UserOne" time="8.642" classname="com.class04.Task2"/>
</testsuite> <!-- com.class04.Task2 -->
