<?xml version="1.0" encoding="UTF-8"?>
<!-- Generated by org.testng.reporters.JUnitReportReporter -->
<testsuite skipped="0" hostname="Milenas-MacBook-Pro.local" name="com.class04.ParameterExampleOne" tests="1" failures="0" timestamp="11 Jun 2019 18:08:35 GMT" time="0.016" errors="0">
  <testcase name="userNames" time="0.016" classname="com.class04.ParameterExampleOne"/>
</testsuite> <!-- com.class04.ParameterExampleOne -->
