<?xml version="1.0" encoding="UTF-8"?>
<!-- Generated by org.testng.reporters.JUnitReportReporter -->
<testsuite skipped="0" hostname="Milenas-MacBook-Pro.local" name="com.class03_.NewtourExample" tests="2" failures="0" timestamp="07 Jun 2019 03:50:49 GMT" time="1.134" errors="0">
  <testcase name="mailingInformation" time="0.502" classname="com.class03_.NewtourExample"/>
  <testcase name="contactInformation" time="0.632" classname="com.class03_.NewtourExample"/>
</testsuite> <!-- com.class03_.NewtourExample -->
