<?xml version="1.0" encoding="UTF-8"?>
<!-- Generated by org.testng.reporters.JUnitReportReporter -->
<testsuite skipped="0" hostname="Milenas-MacBook-Pro.local" name="com.udemy.Day4" tests="3" failures="0" timestamp="12 Jun 2019 19:58:15 GMT" time="0.006" errors="0">
  <testcase name="loginApIHomeLoan" time="0.002" classname="com.udemy.Day4"/>
  <testcase name="mobileLoginHomeLoan" time="0.002" classname="com.udemy.Day4"/>
  <testcase name="webLoginHomeLoan" time="0.002" classname="com.udemy.Day4"/>
</testsuite> <!-- com.udemy.Day4 -->
