<?xml version="1.0" encoding="UTF-8"?>
<!-- Generated by org.testng.reporters.JUnitReportReporter -->
<testsuite skipped="0" hostname="Milenas-MacBook-Pro.local" name="com.class02.SoftAndHardAssertExample" tests="2" failures="0" timestamp="31 May 2019 01:39:17 GMT" time="0.066" errors="0">
  <testcase name="orangehrmLoginScreen" time="0.023" classname="com.class02.SoftAndHardAssertExample"/>
  <testcase name="logo" time="0.043" classname="com.class02.SoftAndHardAssertExample"/>
</testsuite> <!-- com.class02.SoftAndHardAssertExample -->
