<?xml version="1.0" encoding="UTF-8"?>
<!-- Generated by org.testng.reporters.JUnitReportReporter -->
<testsuite skipped="0" hostname="Milenas-MacBook-Pro.local" name="com.class02.Task2" tests="3" failures="0" timestamp="03 Jun 2019 18:48:14 GMT" time="0.695" errors="0">
  <testcase name="loginScreenTitle" time="0.023" classname="com.class02.Task2"/>
  <testcase name="login" time="0.613" classname="com.class02.Task2"/>
  <testcase name="webOrders" time="0.059" classname="com.class02.Task2"/>
</testsuite> <!-- com.class02.Task2 -->
