<?xml version="1.0" encoding="UTF-8"?>
<!-- Generated by org.testng.reporters.JUnitReportReporter -->
<testsuite skipped="0" hostname="Milenas-MacBook-Pro.local" name="com.practice.GroupDemo" tests="4" failures="0" timestamp="06 Jun 2019 16:58:20 GMT" time="0.025" errors="0">
  <testcase name="test2" time="0.002" classname="com.practice.GroupDemo"/>
  <testcase name="test4" time="0.006" classname="com.practice.GroupDemo"/>
  <testcase name="test1" time="0.016" classname="com.practice.GroupDemo"/>
  <testcase name="test3" time="0.001" classname="com.practice.GroupDemo"/>
</testsuite> <!-- com.practice.GroupDemo -->
