<?xml version="1.0" encoding="UTF-8"?>
<!-- Generated by org.testng.reporters.JUnitReportReporter -->
<testsuite skipped="0" hostname="Milenas-MacBook-Pro.local" name="com.class04_.Task2" tests="2" failures="0" timestamp="11 Jun 2019 18:56:10 GMT" time="6.626" errors="0">
  <testcase name="userTwo" time="2.792" classname="com.class04_.Task2"/>
  <testcase name="userOne" time="3.834" classname="com.class04_.Task2"/>
</testsuite> <!-- com.class04_.Task2 -->
