<?xml version="1.0" encoding="UTF-8"?>
<!-- Generated by org.testng.reporters.JUnitReportReporter -->
<testsuite skipped="0" hostname="Milenas-MacBook-Pro.local" name="com.class04_.Homework" tests="5" failures="0" timestamp="11 Jun 2019 17:22:14 GMT" time="16.791" errors="0">
  <testcase name="newUserOne" time="5.676" classname="com.class04_.Homework"/>
  <testcase name="validationUser2" time="4.829" classname="com.class04_.Homework"/>
  <testcase name="verifyingUsers" time="0.043" classname="com.class04_.Homework"/>
  <testcase name="newUserTwo" time="5.285" classname="com.class04_.Homework"/>
  <testcase name="validationUserOne" time="0.958" classname="com.class04_.Homework"/>
</testsuite> <!-- com.class04_.Homework -->
