<?xml version="1.0" encoding="UTF-8"?>
<!-- Generated by org.testng.reporters.JUnitReportReporter -->
<testsuite skipped="0" hostname="Milenas-MacBook-Pro.local" name="com.class03.Task1" tests="3" failures="0" timestamp="07 Jun 2019 04:13:55 GMT" time="9.542" errors="0">
  <testcase name="userThree" time="3.043" classname="com.class03.Task1"/>
  <testcase name="userOne" time="3.637" classname="com.class03.Task1"/>
  <testcase name="userTwo" time="2.862" classname="com.class03.Task1"/>
</testsuite> <!-- com.class03.Task1 -->
