<?xml version="1.0" encoding="UTF-8"?>
<!-- Generated by org.testng.reporters.JUnitReportReporter -->
<testsuite skipped="0" hostname="Milenas-MacBook-Pro.local" name="com.class01.BeforeAndAfterMethod" tests="2" failures="0" timestamp="30 May 2019 21:53:58 GMT" time="0.039" errors="0">
  <testcase name="testMethodOne" time="0.012" classname="com.class01.BeforeAndAfterMethod"/>
  <testcase name="testMethodTwo" time="0.027" classname="com.class01.BeforeAndAfterMethod"/>
</testsuite> <!-- com.class01.BeforeAndAfterMethod -->
