<?xml version="1.0" encoding="UTF-8"?>
<!-- Generated by org.testng.reporters.JUnitReportReporter -->
<testsuite skipped="0" hostname="Milenas-MacBook-Pro.local" name="com.class04.NewToursExample" tests="3" failures="0" timestamp="07 Jun 2019 00:23:59 GMT" time="19.138" errors="0">
  <testcase name="mailingInformation" time="7.259" classname="com.class04.NewToursExample"/>
  <testcase name="userInformation" time="6.540" classname="com.class04.NewToursExample"/>
  <testcase name="contactInformation" time="5.339" classname="com.class04.NewToursExample"/>
</testsuite> <!-- com.class04.NewToursExample -->
