<?xml version="1.0" encoding="UTF-8"?>
<!-- Generated by org.testng.reporters.JUnitReportReporter -->
<testsuite skipped="0" hostname="Milenas-MacBook-Pro.local" name="com.class04_.ParameterExampleOne" tests="1" failures="0" timestamp="07 Jun 2019 20:13:50 GMT" time="0.033" errors="0">
  <testcase name="userNames" time="0.033" classname="com.class04_.ParameterExampleOne"/>
</testsuite> <!-- com.class04_.ParameterExampleOne -->
