<?xml version="1.0" encoding="UTF-8"?>
<!-- Generated by org.testng.reporters.JUnitReportReporter -->
<testsuite skipped="0" hostname="Milenas-MacBook-Pro.local" name="com.practice.ParametersDemo" tests="1" failures="0" timestamp="06 Jun 2019 20:43:05 GMT" time="0.021" errors="0">
  <testcase name="test" time="0.021" classname="com.practice.ParametersDemo"/>
</testsuite> <!-- com.practice.ParametersDemo -->
