<?xml version="1.0" encoding="UTF-8"?>
<!-- Generated by org.testng.reporters.JUnitReportReporter -->
<testsuite skipped="0" hostname="Milenas-MacBook-Pro.local" name="com.class04.ParameterExampleTwo" tests="1" failures="0" timestamp="07 Jun 2019 00:59:11 GMT" time="4.526" errors="0">
  <testcase name="testGoogle" time="4.526" classname="com.class04.ParameterExampleTwo"/>
</testsuite> <!-- com.class04.ParameterExampleTwo -->
