<?xml version="1.0" encoding="UTF-8"?>
<!-- Generated by org.testng.reporters.JUnitReportReporter -->
<testsuite skipped="0" hostname="Milenas-MacBook-Pro.local" name="com.class04_.ParameterExampleTwo" tests="1" failures="0" timestamp="07 Jun 2019 20:18:08 GMT" time="7.960" errors="0">
  <testcase name="google" time="7.960" classname="com.class04_.ParameterExampleTwo"/>
</testsuite> <!-- com.class04_.ParameterExampleTwo -->
