<?xml version="1.0" encoding="UTF-8"?>
<!-- Generated by org.testng.reporters.JUnitReportReporter -->
<testsuite skipped="0" hostname="Milenas-MacBook-Pro.local" name="com.class04_.NewTourTask" tests="2" failures="0" timestamp="07 Jun 2019 19:14:21 GMT" time="10.348" errors="0">
  <testcase name="contactInformation" time="4.757" classname="com.class04_.NewTourTask"/>
  <testcase name="mailingInformation" time="5.591" classname="com.class04_.NewTourTask"/>
</testsuite> <!-- com.class04_.NewTourTask -->
