<?xml version="1.0" encoding="UTF-8"?>
<!-- Generated by org.testng.reporters.JUnitReportReporter -->
<testsuite skipped="0" hostname="Milenas-MacBook-Pro.local" name="com.class04_.DataProviderTest" tests="3" failures="0" timestamp="07 Jun 2019 21:33:38 GMT" time="0.030" errors="0">
  <testcase name="getData" time="0.005" classname="com.class04_.DataProviderTest"/>
  <testcase name="getData" time="0.021" classname="com.class04_.DataProviderTest"/>
  <testcase name="getData" time="0.004" classname="com.class04_.DataProviderTest"/>
</testsuite> <!-- com.class04_.DataProviderTest -->
