<?xml version="1.0" encoding="UTF-8"?>
<!-- Generated by org.testng.reporters.JUnitReportReporter -->
<testsuite skipped="0" hostname="Milenas-MacBook-Pro.local" name="com.class02.Task2" tests="3" failures="0" timestamp="31 May 2019 00:35:16 GMT" time="1.137" errors="0">
  <testcase name="loginScreenTitle" time="0.019" classname="com.class02.Task2"/>
  <testcase name="login" time="1.070" classname="com.class02.Task2"/>
  <testcase name="webOrders" time="0.048" classname="com.class02.Task2"/>
</testsuite> <!-- com.class02.Task2 -->
