<?xml version="1.0" encoding="UTF-8"?>
<!-- Generated by org.testng.reporters.JUnitReportReporter -->
<testsuite skipped="0" hostname="Milenas-MacBook-Pro.local" name="com.class03_.GroupsExample" tests="4" failures="0" timestamp="07 Jun 2019 02:58:50 GMT" time="0.013" errors="0">
  <testcase name="One" time="0.003" classname="com.class03_.GroupsExample"/>
  <testcase name="Four" time="0.006" classname="com.class03_.GroupsExample"/>
  <testcase name="Two" time="0.001" classname="com.class03_.GroupsExample"/>
  <testcase name="Three" time="0.003" classname="com.class03_.GroupsExample"/>
</testsuite> <!-- com.class03_.GroupsExample -->
