<?xml version="1.0" encoding="UTF-8"?>
<!-- Generated by org.testng.reporters.JUnitReportReporter -->
<testsuite skipped="0" hostname="Milenas-MacBook-Pro.local" name="com.class01.Task1" tests="1" failures="0" timestamp="30 May 2019 22:27:59 GMT" time="16.326" errors="0">
  <testcase name="login" time="16.326" classname="com.class01.Task1"/>
</testsuite> <!-- com.class01.Task1 -->
