<?xml version="1.0" encoding="UTF-8"?>
<!-- Generated by org.testng.reporters.JUnitReportReporter -->
<testsuite skipped="0" hostname="Milenas-MacBook-Pro.local" name="com.class03_.BasicXMLPartTwo" tests="3" failures="0" timestamp="06 Jun 2019 22:31:14 GMT" time="0.006" errors="0">
  <testcase name="testOneFromBasic2" time="0.001" classname="com.class03_.BasicXMLPartTwo"/>
  <testcase name="testThirdFromBasic2" time="0.003" classname="com.class03_.BasicXMLPartTwo"/>
  <testcase name="testSecondFromBasic2" time="0.002" classname="com.class03_.BasicXMLPartTwo"/>
</testsuite> <!-- com.class03_.BasicXMLPartTwo -->
