<?xml version="1.0" encoding="UTF-8"?>
<!-- Generated by org.testng.reporters.JUnitReportReporter -->
<testsuite skipped="0" hostname="Milenas-MacBook-Pro.local" name="com.practice.TestNGDependency" tests="3" failures="0" timestamp="06 Jun 2019 18:24:05 GMT" time="0.031" errors="0">
  <testcase name="test1" time="0.002" classname="com.practice.TestNGDependency"/>
  <testcase name="test2" time="0.023" classname="com.practice.TestNGDependency"/>
  <testcase name="test3" time="0.006" classname="com.practice.TestNGDependency"/>
</testsuite> <!-- com.practice.TestNGDependency -->
