<?xml version="1.0" encoding="UTF-8"?>
<!-- Generated by org.testng.reporters.JUnitReportReporter -->
<testsuite skipped="0" hostname="Milenas-MacBook-Pro.local" name="com.class03_.DependsOnMethods" tests="3" failures="0" timestamp="07 Jun 2019 04:24:54 GMT" time="0.025" errors="0">
  <testcase name="two" time="0.003" classname="com.class03_.DependsOnMethods"/>
  <testcase name="three" time="0.002" classname="com.class03_.DependsOnMethods"/>
  <testcase name="one" time="0.020" classname="com.class03_.DependsOnMethods"/>
</testsuite> <!-- com.class03_.DependsOnMethods -->
