<?xml version="1.0" encoding="UTF-8"?>
<!-- Generated by org.testng.reporters.JUnitReportReporter -->
<testsuite skipped="0" hostname="Milenas-MacBook-Pro.local" name="com.class03_.MethodsExample" tests="3" failures="0" timestamp="07 Jun 2019 03:02:56 GMT" time="0.028" errors="0">
  <testcase name="Three" time="0.002" classname="com.class03_.MethodsExample"/>
  <testcase name="Two" time="0.003" classname="com.class03_.MethodsExample"/>
  <testcase name="One" time="0.023" classname="com.class03_.MethodsExample"/>
</testsuite> <!-- com.class03_.MethodsExample -->
