<?xml version="1.0" encoding="UTF-8"?>
<!-- Generated by org.testng.reporters.JUnitReportReporter -->
<testsuite skipped="0" hostname="Milenas-MacBook-Pro.local" name="com.class05.DemoTest" tests="2" failures="0" timestamp="12 Jun 2019 01:45:05 GMT" time="15.315" errors="0">
  <testcase name="testCrossBrowser" time="9.497" classname="com.class05.DemoTest"/>
  <testcase name="testCrossBrowser" time="5.818" classname="com.class05.DemoTest"/>
</testsuite> <!-- com.class05.DemoTest -->
