<?xml version="1.0" encoding="UTF-8"?>
<!-- Generated by org.testng.reporters.JUnitReportReporter -->
<testsuite skipped="0" hostname="Milenas-MacBook-Pro.local" name="com.udemy.Task2" tests="1" failures="0" timestamp="12 Jun 2019 16:39:33 GMT" time="0.005" errors="0">
  <testcase name="loan" time="0.005" classname="com.udemy.Task2"/>
</testsuite> <!-- com.udemy.Task2 -->
