<?xml version="1.0" encoding="UTF-8"?>
<!-- Generated by org.testng.reporters.JUnitReportReporter -->
<testsuite skipped="0" hostname="Milenas-MacBook-Pro.local" name="com.class01_.Task" tests="2" failures="0" timestamp="30 May 2019 21:24:55 GMT" time="0.013" errors="0">
  <testcase name="testMethodOne" time="0.012" classname="com.class01_.Task"/>
  <testcase name="testMethodTwo" time="0.001" classname="com.class01_.Task"/>
</testsuite> <!-- com.class01_.Task -->
