<?xml version="1.0" encoding="UTF-8"?>
<!-- Generated by org.testng.reporters.JUnitReportReporter -->
<testsuite skipped="2" hostname="Milenas-MacBook-Pro.local" name="com.class02_.EnabledAndDisabled" tests="4" failures="0" timestamp="01 Jun 2019 03:53:00 GMT" time="0.019" errors="0">
  <testcase name="second" time="0.015" classname="com.class02_.EnabledAndDisabled"/>
  <testcase name="fourth" time="0.004" classname="com.class02_.EnabledAndDisabled"/>
  <testcase name="third" classname="com.class02_.EnabledAndDisabled">
    <skipped/>
  </testcase> <!-- third -->
  <testcase name="first" classname="com.class02_.EnabledAndDisabled">
    <skipped/>
  </testcase> <!-- first -->
</testsuite> <!-- com.class02_.EnabledAndDisabled -->
