<?xml version="1.0" encoding="UTF-8"?>
<!-- Generated by org.testng.reporters.JUnitReportReporter -->
<testsuite skipped="0" hostname="Milenas-MacBook-Pro.local" name="com.practice.Grouping" tests="4" failures="0" timestamp="06 Jun 2019 16:58:20 GMT" time="0.008" errors="0">
  <testcase name="test1" time="0.002" classname="com.practice.Grouping"/>
  <testcase name="test4" time="0.003" classname="com.practice.Grouping"/>
  <testcase name="test2" time="0.002" classname="com.practice.Grouping"/>
  <testcase name="test3" time="0.001" classname="com.practice.Grouping"/>
</testsuite> <!-- com.practice.Grouping -->
