<?xml version="1.0" encoding="UTF-8"?>
<!-- Generated by org.testng.reporters.JUnitReportReporter -->
<testsuite skipped="0" hostname="Milenas-MacBook-Pro.local" name="com.class04.DataProviderTest" tests="3" failures="0" timestamp="07 Jun 2019 01:40:18 GMT" time="0.033" errors="0">
  <testcase name="getData" time="0.009" classname="com.class04.DataProviderTest"/>
  <testcase name="getData" time="0.021" classname="com.class04.DataProviderTest"/>
  <testcase name="getData" time="0.003" classname="com.class04.DataProviderTest"/>
</testsuite> <!-- com.class04.DataProviderTest -->
