<?xml version="1.0" encoding="UTF-8"?>
<!-- Generated by org.testng.reporters.JUnitReportReporter -->
<testsuite skipped="0" hostname="Milenas-MacBook-Pro.local" name="com.class02.Priority" tests="4" failures="0" timestamp="30 May 2019 23:09:16 GMT" time="0.026" errors="0">
  <testcase name="first" time="0.016" classname="com.class02.Priority"/>
  <testcase name="second" time="0.001" classname="com.class02.Priority"/>
  <testcase name="third" time="0.006" classname="com.class02.Priority"/>
  <testcase name="fourth" time="0.003" classname="com.class02.Priority"/>
</testsuite> <!-- com.class02.Priority -->
