<?xml version="1.0" encoding="UTF-8"?>
<!-- Generated by org.testng.reporters.JUnitReportReporter -->
<testsuite skipped="0" hostname="Milenas-MacBook-Pro.local" name="com.practice.TestNGGroupsDemo" tests="4" failures="0" timestamp="06 Jun 2019 18:08:56 GMT" time="0.019" errors="0">
  <testcase name="test4" time="0.002" classname="com.practice.TestNGGroupsDemo"/>
  <testcase name="test2" time="0.005" classname="com.practice.TestNGGroupsDemo"/>
  <testcase name="test3" time="0.001" classname="com.practice.TestNGGroupsDemo"/>
  <testcase name="test1" time="0.011" classname="com.practice.TestNGGroupsDemo"/>
</testsuite> <!-- com.practice.TestNGGroupsDemo -->
