<?xml version="1.0" encoding="UTF-8"?>
<!-- Generated by org.testng.reporters.JUnitReportReporter -->
<testsuite skipped="0" hostname="Milenas-MacBook-Pro.local" name="com.class04_.Task1" tests="1" failures="0" timestamp="07 Jun 2019 05:18:45 GMT" time="5.347" errors="0">
  <testcase name="userOne" time="5.347" classname="com.class04_.Task1"/>
</testsuite> <!-- com.class04_.Task1 -->
