<?xml version="1.0" encoding="UTF-8"?>
<!-- Generated by org.testng.reporters.JUnitReportReporter -->
<testsuite skipped="0" hostname="Milenas-MacBook-Pro.local" name="com.class04_.ToolsQaExample" tests="4" failures="0" timestamp="07 Jun 2019 21:53:12 GMT" time="31.561" errors="0">
  <testcase name="getData" time="7.035" classname="com.class04_.ToolsQaExample"/>
  <testcase name="getData" time="7.900" classname="com.class04_.ToolsQaExample"/>
  <testcase name="getData" time="8.420" classname="com.class04_.ToolsQaExample"/>
  <testcase name="getData" time="8.206" classname="com.class04_.ToolsQaExample"/>
</testsuite> <!-- com.class04_.ToolsQaExample -->
