<?xml version="1.0" encoding="UTF-8"?>
<!-- Generated by org.testng.reporters.JUnitReportReporter -->
<testsuite skipped="0" hostname="Milenas-MacBook-Pro.local" name="com.class03.MethodsExample" tests="4" failures="0" timestamp="06 Jun 2019 19:48:27 GMT" time="0.035" errors="0">
  <testcase name="Four" time="0.029" classname="com.class03.MethodsExample"/>
  <testcase name="Three" time="0.001" classname="com.class03.MethodsExample"/>
  <testcase name="Two" time="0.003" classname="com.class03.MethodsExample"/>
  <testcase name="One" time="0.002" classname="com.class03.MethodsExample"/>
</testsuite> <!-- com.class03.MethodsExample -->
