<?xml version="1.0" encoding="UTF-8"?>
<!-- Generated by org.testng.reporters.JUnitReportReporter -->
<testsuite skipped="0" hostname="Milenas-MacBook-Pro.local" name="com.class04.NewToursExample" tests="3" failures="0" timestamp="07 Jun 2019 18:29:18 GMT" time="22.371" errors="0">
  <testcase name="mailingInformation" time="11.968" classname="com.class04.NewToursExample"/>
  <testcase name="userInformation" time="5.644" classname="com.class04.NewToursExample"/>
  <testcase name="contactInformation" time="4.759" classname="com.class04.NewToursExample"/>
</testsuite> <!-- com.class04.NewToursExample -->
