<?xml version="1.0" encoding="UTF-8"?>
<!-- Generated by org.testng.reporters.JUnitReportReporter -->
<testsuite skipped="0" hostname="Milenas-MacBook-Pro.local" name="com.class02_.SwagLabsTask" tests="2" failures="0" timestamp="03 Jun 2019 17:58:31 GMT" time="0.917" errors="0">
  <testcase name="login" time="0.857" classname="com.class02_.SwagLabsTask"/>
  <testcase name="mainPage" time="0.060" classname="com.class02_.SwagLabsTask"/>
</testsuite> <!-- com.class02_.SwagLabsTask -->
