<?xml version="1.0" encoding="UTF-8"?>
<!-- Generated by org.testng.reporters.JUnitReportReporter -->
<testsuite skipped="2" hostname="Milenas-MacBook-Pro.local" name="com.class02.EnableAndDisable" tests="4" failures="0" timestamp="30 May 2019 23:51:08 GMT" time="0.018" errors="0">
  <testcase name="second" time="0.016" classname="com.class02.EnableAndDisable"/>
  <testcase name="fourth" time="0.002" classname="com.class02.EnableAndDisable"/>
  <testcase name="third" classname="com.class02.EnableAndDisable">
    <skipped/>
  </testcase> <!-- third -->
  <testcase name="first" classname="com.class02.EnableAndDisable">
    <skipped/>
  </testcase> <!-- first -->
</testsuite> <!-- com.class02.EnableAndDisable -->
