<?xml version="1.0" encoding="UTF-8"?>
<!-- Generated by org.testng.reporters.JUnitReportReporter -->
<testsuite skipped="0" hostname="Milenas-MacBook-Pro.local" name="com.class04_.DataProvider2" tests="3" failures="0" timestamp="11 Jun 2019 19:13:06 GMT" time="0.021" errors="0">
  <testcase name="getData" time="0.003" classname="com.class04_.DataProvider2"/>
  <testcase name="getData" time="0.013" classname="com.class04_.DataProvider2"/>
  <testcase name="getData" time="0.005" classname="com.class04_.DataProvider2"/>
</testsuite> <!-- com.class04_.DataProvider2 -->
