<?xml version="1.0" encoding="UTF-8"?>
<!-- Generated by org.testng.reporters.JUnitReportReporter -->
<testsuite skipped="0" hostname="Milenas-MacBook-Pro.local" name="com.class03_.BasicXMLPartOne" tests="3" failures="0" timestamp="06 Jun 2019 22:31:14 GMT" time="0.017" errors="0">
  <testcase name="testThirdFromBasic1" time="0.001" classname="com.class03_.BasicXMLPartOne"/>
  <testcase name="testOneFromBasic1" time="0.013" classname="com.class03_.BasicXMLPartOne"/>
  <testcase name="testSecondFromBasic1" time="0.003" classname="com.class03_.BasicXMLPartOne"/>
</testsuite> <!-- com.class03_.BasicXMLPartOne -->
