<?xml version="1.0" encoding="UTF-8"?>
<!-- Generated by org.testng.reporters.JUnitReportReporter -->
<testsuite skipped="0" hostname="Milenas-MacBook-Pro.local" name="com.class04.TaskSauceDemo" tests="2" failures="0" timestamp="07 Jun 2019 04:50:15 GMT" time="8.576" errors="0">
  <testcase name="UserName2" time="4.201" classname="com.class04.TaskSauceDemo"/>
  <testcase name="UserName1" time="4.375" classname="com.class04.TaskSauceDemo"/>
</testsuite> <!-- com.class04.TaskSauceDemo -->
