<?xml version="1.0" encoding="UTF-8"?>
<!-- Generated by org.testng.reporters.JUnitReportReporter -->
<testsuite skipped="0" hostname="Milenas-MacBook-Pro.local" name="com.class02_.PriorityExample2" tests="2" failures="0" timestamp="01 Jun 2019 03:34:30 GMT" time="0.800" errors="0">
  <testcase name="login" time="0.724" classname="com.class02_.PriorityExample2"/>
  <testcase name="mainPage" time="0.076" classname="com.class02_.PriorityExample2"/>
</testsuite> <!-- com.class02_.PriorityExample2 -->
