<?xml version="1.0" encoding="UTF-8"?>
<!-- Generated by org.testng.reporters.JUnitReportReporter -->
<testsuite skipped="0" hostname="Milenas-MacBook-Pro.local" name="com.class04.Task2" tests="2" failures="0" timestamp="11 Jun 2019 18:55:14 GMT" time="7.388" errors="0">
  <testcase name="UserTwo" time="3.323" classname="com.class04.Task2"/>
  <testcase name="UserOne" time="4.065" classname="com.class04.Task2"/>
</testsuite> <!-- com.class04.Task2 -->
