<?xml version="1.0" encoding="UTF-8"?>
<!-- Generated by org.testng.reporters.JUnitReportReporter -->
<testsuite skipped="0" hostname="Milenas-MacBook-Pro.local" name="com.class02_.Priority" tests="4" failures="0" timestamp="01 Jun 2019 03:05:37 GMT" time="0.020" errors="0">
  <testcase name="first" time="0.014" classname="com.class02_.Priority"/>
  <testcase name="second" time="0.003" classname="com.class02_.Priority"/>
  <testcase name="third" time="0.001" classname="com.class02_.Priority"/>
  <testcase name="fourth" time="0.002" classname="com.class02_.Priority"/>
</testsuite> <!-- com.class02_.Priority -->
