<?xml version="1.0" encoding="UTF-8"?>
<!-- Generated by org.testng.reporters.JUnitReportReporter -->
<testsuite skipped="0" hostname="Milenas-MacBook-Pro.local" name="com.practice.TestNGDependencyDemo" tests="3" failures="0" timestamp="06 Jun 2019 18:22:06 GMT" time="0.018" errors="0">
  <testcase name="test2" time="0.012" classname="com.practice.TestNGDependencyDemo"/>
  <testcase name="test3" time="0.003" classname="com.practice.TestNGDependencyDemo"/>
  <testcase name="test1" time="0.003" classname="com.practice.TestNGDependencyDemo"/>
</testsuite> <!-- com.practice.TestNGDependencyDemo -->
