<?xml version="1.0" encoding="UTF-8"?>
<!-- Generated by org.testng.reporters.JUnitReportReporter -->
<testsuite skipped="0" hostname="Milenas-MacBook-Pro.local" name="com.class02.AnnatationExecution" tests="1" failures="0" timestamp="30 May 2019 22:47:02 GMT" time="0.027" errors="0">
  <testcase name="methodTest" time="0.027" classname="com.class02.AnnatationExecution"/>
</testsuite> <!-- com.class02.AnnatationExecution -->
