<?xml version="1.0" encoding="UTF-8"?>
<!-- Generated by org.testng.reporters.JUnitReportReporter -->
<testsuite skipped="0" hostname="Milenas-MacBook-Pro.local" name="com.class04_.NewToursParammetersTask" tests="1" failures="0" timestamp="07 Jun 2019 20:37:22 GMT" time="5.600" errors="0">
  <testcase name="userInformation" time="5.600" classname="com.class04_.NewToursParammetersTask"/>
</testsuite> <!-- com.class04_.NewToursParammetersTask -->
