<?xml version="1.0" encoding="UTF-8"?>
<!-- Generated by org.testng.reporters.JUnitReportReporter -->
<testsuite skipped="0" hostname="Milenas-MacBook-Pro.local" name="com.class01.Testng" tests="3" failures="0" timestamp="29 May 2019 01:15:46 GMT" time="0.028" errors="0">
  <testcase name="a" time="0.011" classname="com.class01.Testng"/>
  <testcase name="testDemo" time="0.003" classname="com.class01.Testng"/>
  <testcase name="b" time="0.014" classname="com.class01.Testng"/>
</testsuite> <!-- com.class01.Testng -->
