<?xml version="1.0" encoding="UTF-8"?>
<!-- Generated by org.testng.reporters.JUnitReportReporter -->
<testsuite skipped="0" hostname="Milenas-MacBook-Pro.local" name="com.class01_.Testng" tests="1" failures="0" timestamp="30 May 2019 03:48:19 GMT" time="0.024" errors="0">
  <testcase name="test" time="0.024" classname="com.class01_.Testng"/>
</testsuite> <!-- com.class01_.Testng -->
