<?xml version="1.0" encoding="UTF-8"?>
<!-- Generated by org.testng.reporters.JUnitReportReporter -->
<testsuite skipped="0" hostname="Milenas-MacBook-Pro.local" name="com.class04_.ToolsQaExample2" tests="4" failures="0" timestamp="11 Jun 2019 19:27:04 GMT" time="25.043" errors="0">
  <testcase name="getData" time="5.709" classname="com.class04_.ToolsQaExample2"/>
  <testcase name="getData" time="6.661" classname="com.class04_.ToolsQaExample2"/>
  <testcase name="getData" time="5.632" classname="com.class04_.ToolsQaExample2"/>
  <testcase name="getData" time="7.041" classname="com.class04_.ToolsQaExample2"/>
</testsuite> <!-- com.class04_.ToolsQaExample2 -->
