<?xml version="1.0" encoding="UTF-8"?>
<!-- Generated by org.testng.reporters.JUnitReportReporter -->
<testsuite skipped="0" hostname="Milenas-MacBook-Pro.local" name="com.class03_.DependsOnGroups" tests="3" failures="0" timestamp="07 Jun 2019 04:28:19 GMT" time="0.028" errors="0">
  <testcase name="two" time="0.004" classname="com.class03_.DependsOnGroups"/>
  <testcase name="three" time="0.003" classname="com.class03_.DependsOnGroups"/>
  <testcase name="one" time="0.021" classname="com.class03_.DependsOnGroups"/>
</testsuite> <!-- com.class03_.DependsOnGroups -->
