<?xml version="1.0" encoding="UTF-8"?>
<!-- Generated by org.testng.reporters.JUnitReportReporter -->
<testsuite skipped="0" hostname="Milenas-MacBook-Pro.local" name="com.class04.ParameterDemo" tests="1" failures="0" timestamp="07 Jun 2019 00:34:02 GMT" time="0.016" errors="0">
  <testcase name="userNames" time="0.016" classname="com.class04.ParameterDemo"/>
</testsuite> <!-- com.class04.ParameterDemo -->
