<?xml version="1.0" encoding="UTF-8"?>
<!-- Generated by org.testng.reporters.JUnitReportReporter -->
<testsuite skipped="1" hostname="Milenas-MacBook-Pro.local" name="com.class02_.Task2" tests="3" failures="0" timestamp="01 Jun 2019 04:50:52 GMT" time="0.608" errors="0">
  <testcase name="loginScreenTitle" time="0.022" classname="com.class02_.Task2"/>
  <testcase name="login" time="0.586" classname="com.class02_.Task2"/>
  <testcase name="webOrders" classname="com.class02_.Task2">
    <skipped/>
  </testcase> <!-- webOrders -->
</testsuite> <!-- com.class02_.Task2 -->
