<?xml version="1.0" encoding="UTF-8"?>
<!-- Generated by org.testng.reporters.JUnitReportReporter -->
<testsuite skipped="0" hostname="Milenas-MacBook-Pro.local" name="com.class03.GroupsExample" tests="4" failures="0" timestamp="06 Jun 2019 20:00:51 GMT" time="0.031" errors="0">
  <testcase name="one" time="0.002" classname="com.class03.GroupsExample"/>
  <testcase name="Two" time="0.001" classname="com.class03.GroupsExample"/>
  <testcase name="Four" time="0.007" classname="com.class03.GroupsExample"/>
  <testcase name="Three" time="0.021" classname="com.class03.GroupsExample"/>
</testsuite> <!-- com.class03.GroupsExample -->
