<?xml version="1.0" encoding="UTF-8"?>
<!-- Generated by org.testng.reporters.JUnitReportReporter -->
<testsuite skipped="0" hostname="Milenas-MacBook-Pro.local" name="com.class02.Task1" tests="2" failures="0" timestamp="31 May 2019 00:20:33 GMT" time="16.433" errors="0">
  <testcase name="login" time="10.260" classname="com.class02.Task1"/>
  <testcase name="verification" time="6.173" classname="com.class02.Task1"/>
</testsuite> <!-- com.class02.Task1 -->
