<?xml version="1.0" encoding="UTF-8"?>
<!-- Generated by org.testng.reporters.JUnitReportReporter -->
<testsuite skipped="0" hostname="Milenas-MacBook-Pro.local" name="com.udemy.Day1" tests="1" failures="0" timestamp="12 Jun 2019 19:58:15 GMT" time="0.008" errors="0">
  <testcase name="demo" time="0.008" classname="com.udemy.Day1"/>
</testsuite> <!-- com.udemy.Day1 -->
