<?xml version="1.0" encoding="UTF-8"?>
<!-- Generated by org.testng.reporters.JUnitReportReporter -->
<testsuite skipped="0" hostname="Milenas-MacBook-Pro.local" name="com.class02_.Task1Again" tests="3" failures="0" timestamp="03 Jun 2019 18:40:26 GMT" time="1.404" errors="0">
  <testcase name="validation" time="0.018" classname="com.class02_.Task1Again"/>
  <testcase name="login" time="1.096" classname="com.class02_.Task1Again"/>
  <testcase name="verifyLogin" time="0.290" classname="com.class02_.Task1Again"/>
</testsuite> <!-- com.class02_.Task1Again -->
